[stickyrice-magazine.com/index.html]
[backblue.gif]
[fade.gif]
[index.html]
[stickyrice-magazine.com/rss]
[stickyrice-magazine.com/stylesheet784b.css]
[cdn.jsdelivr.net/npm/lozad/dist/lozad.min.js]
[freight.cargo.site/t/original/i/4857dacf2ceb18de74f659526fd7847d81cb6a23bc003ac45bee19a73a21bdbf/SR_GIF_Homepage_v20200601a_OC.gif]
[static.cargo.site/libs/cargo.apicore.package.jquery213.mine843.js]
[static.cargo.site/assets/builds/apipackage.mine843.js]
[stickyrice-magazine.com/CURRENT-VOLUME.html]
[stickyrice-magazine.com/Current-Volume-2.html]
[freight.cargo.site/t/original/i/84ecbfd28e31c6f20bb767fc6cf99a054b23873c3873a7135a2df3f1c5343503/SR_Buttons_v20200614a_OC-18.png]
[freight.cargo.site/t/original/i/c642bef698f63c5e465536b243ca0f43dfc590954feec10583823792fdd64ced/SR_Homepage_Asset01_v20200529a_OC.jpg]
[stickyrice-magazine.com/Weaving-Timelines-The-Seeds-Sow-Deeper-Than-We-Know.html]
[freight.cargo.site/t/original/i/90c4091c13064f059f3bf4d85e437e847215dd8dd72c9e26ce616e42510c6569/Thumbnail-hero-min.png]
[stickyrice-magazine.com/The-Sixth-Love-Language.html]
[freight.cargo.site/t/original/i/194c93624c054c3e8159621ae16670acd062be9e6f76f25095d39afceec230b6/thumbnail2.jpg]
[stickyrice-magazine.com/The-Tokyo-Aesthetic-Dispatches-from-the-Streets-of-Fashion-Week.html]
[freight.cargo.site/t/original/i/1bc340c6cac4e3520e2b65e1a5ebef1cfb2831803ba0188689ef398ea174b00a/For-Sticky-7.jpg]
[stickyrice-magazine.com/Lifestyle.html]
[freight.cargo.site/t/original/i/035576278b13d71aa82d83d624ffab7f91e159d6c8e9e63daec2e54abf30523d/SR_Buttons_v20200530b_OC-19-1.png]
[freight.cargo.site/t/original/i/8256b7bf538c40b77acbc0aec512e89afdad5c6f0310f27e862af0e1972ebbcf/SR_Illus_05-01.jpg]
[stickyrice-magazine.com/Landing-Page.html]
[freight.cargo.site/t/original/i/aef7769d0ba89f6970e95aef99f180b969da1208715dcbafcb6322c5549eb70c/SR_Buttons_MobileLogo2-09.png]
[freight.cargo.site/t/original/i/72266b686b77c3a38e7824a82fec8ed94571c79e8ae517dcdc3506ae083f6d13/SR_Buttons_v20200530a_OC-09.png]
[freight.cargo.site/t/original/i/f957ae41f1fa38500799b66f264d7813bb7bc599b40efb9e2f323ebf281efa06/SR_Buttons_v20200530a_OC-11.png]
[stickyrice-magazine.com/Archives.html]
[freight.cargo.site/t/original/i/6f6c00fbc87e74b295a4dfa1d866968a019b1e2e9d305fd85089d997b15bfee0/SR_Buttons_v20200530a_OC-10.png]
[stickyrice-magazine.com/About-Us.html]
[freight.cargo.site/t/original/i/bbe069691f53e2dc1c6f20a0ad3c58b2dab78e6eac8d4c07731da5dc1abaebba/SR_Buttons_v20200530a_OC-12.png]
[stickyrice-magazine.com/index.html]
[stickyrice-magazine.com/contact-form.html]
[freight.cargo.site/t/original/i/9ed022f5f72f6c4ddd5031e1703fd4ebb247cc20da7ac261bd8f211c4f88e06e/SR_LifestyleHeader.gif]
[freight.cargo.site/t/original/i/1b67e5e13e77fd51fde11296880f8054214c4f7c93e8404493ebd053dfe8100d/Sticky_Rice__Group-01_V2-min.jpg]
[stickyrice-magazine.com/stylesheet784b.css]
[www.w3schools.com/w3css/4/w3.css]
[freight.cargo.site/t/original/i/a60191328fe4e56cf323eadd6128a3bfcb3726c53fdf57ad45bba2b212cfae1e/StickyRice_Matrix-08.jpg]
[freight.cargo.site/t/original/i/1cac27aec590ef55cc2ae90ab8c41eeacb41f754e8a3a19a16ea7477363e4a35/SR_Buttons_v20200530a_OC-15.png]
[stickyrice-magazine.com/Volume01-Creasian.html]
[freight.cargo.site/t/original/i/08eae282b17c19db4804b5e8f54b1f9eae861db1aedb5c7d40cbbe2cff9ae6f2/SR_Article01_Thumbnail-02.jpg]
[stickyrice-magazine.com/Volume01-One-In-A-Billion.html]
[freight.cargo.site/t/original/i/2ac56eb277cab216863d9a4c290e6e76f10271281ecf20d2ceac695e5af0a316/SR_Illus03-me-myself-and-i.gif]
[stickyrice-magazine.com/volume01-what-stays-unsaid-in-the-corporate-office.html]
[freight.cargo.site/t/original/i/46b524ed684d8713f3ec9d7037080cbc861b35e3c24d5fb74061e8e9896a4f01/SR_Illus01---4-people.gif]
[freight.cargo.site/t/original/i/f01f85354587b06d5617a1b446173d7819d81b7f4ad24a7c20b0e254ba688f5b/SR_Illus02-people-talking-shit.gif]
[stickyrice-magazine.com/CURRENT-VOLUME.html]
[stickyrice-magazine.com/Volume01-On-Being-Colourblind.html]
[stickyrice-magazine.com/Current-Volume-2.html]
[freight.cargo.site/t/original/i/1c3ac476fb049044ba323508b4ad67471e6bf6a483ac8011a88347d091e6a4c0/SR_Buttons_v20200614a_OC-24.png]
[freight.cargo.site/t/original/i/4891da2e5b70bbd0be65fa224051c49d43c9df5f471a86e5681ab1dec851b970/SR_Buttons_v20200614a_OC-22.png]
[stickyrice-magazine.com/Weaving-Timelines-The-Seeds-Sow-Deeper-Than-We-Know.html]
[stickyrice-magazine.com/The-Sixth-Love-Language.html]
[freight.cargo.site/t/original/i/c1c136d6c3cb9a798486ef65a42259e9ea301ded567f7d6828a603257c850ce9/Thumbnail_JG.jpg]
[freight.cargo.site/t/original/i/278c70da734a2f446bf1ec32e92d5b1deddf5c092e5985d251ab7b11190b9944/For-Stickyy.jpg]
[freight.cargo.site/t/original/i/67758bce0ac5ad819d0f065951904b4fe66e0d92865e8ba3697391558d5b08c9/For-Sticky-12.jpg]
[freight.cargo.site/t/original/i/d357aebd789b2af2c7651f79e03dd4d78da5963d4802e8e6eb8df79a89133441/For-Sticky-6.jpg]
[freight.cargo.site/t/original/i/7e67da44da2001d2a413e61de81d925de398b4dce68c88320c68566b3c668040/For-Sticky-1-1.jpg]
[freight.cargo.site/t/original/i/aa95e0b2027607003c4ecf9d39d67d50613714408fe967aa7c082f1e4128491f/For-Sticky-4.jpg]
[freight.cargo.site/t/original/i/4a148e007aac5e0d034302699a7f71fbb324981714caf418625a73635a3b15c9/For-Sticky-8.jpg]
[freight.cargo.site/t/original/i/c505a707054e0abd9f1f097c9112589eff21a0cf18b93f601dcc9782b362d36d/For-Sticky-10.jpg]
[freight.cargo.site/t/original/i/497d796d3944bbf2ebd27a9c344bc2235c600c4059ff072c28fd592a891640e2/For-Sticky-11.jpg]
[freight.cargo.site/t/original/i/c63f1ac6ba967440ed1faed4b1a4fa7b4f91579986f7fdc0e26f14ea01cd8e6d/For-Sticky-9.jpg]
[freight.cargo.site/t/original/i/394c40f9f8b55bd38eb1c2da1588955c50939010c8d5fe454899ddade409410e/For-Sticky-22.jpg]
[freight.cargo.site/t/original/i/a92ab25ce1cfc044b63036d474c0dc87db80014460e542f7c817e322db7530fc/For-Sticky-5.jpg]
[freight.cargo.site/t/original/i/28ea4abd7fd7c31b186c4a2c4e026ddd4a73a0ab1a929f226d009a6304c725fa/For-Sticky-17.jpg]
[freight.cargo.site/t/original/i/85466591b48e2a01d7cdc25bfe39fb678d143a4d5f2321531cc71d219c55af37/For-Sticky-14.jpg]
[freight.cargo.site/t/original/i/30af99562fe5bc422d515333a7145e3775ec1160696ee751042ef668c0c33a6a/For-Sticky-13.jpg]
[freight.cargo.site/t/original/i/99010a025a755d9b9f930515fc906f79d0e697c0722ab93a962bd55434f757a8/For-Sticky-3.jpg]
[freight.cargo.site/t/original/i/9e7de4c41453d9acdf96e83be25437e8f96b6f23cc4ba9519b17d6a501c86a23/For-Sticky-15.jpg]
[stickyrice-magazine.com/The-Tokyo-Aesthetic-Dispatches-from-the-Streets-of-Fashion-Week.html]
[freight.cargo.site/t/original/i/79ed258b6e39df496f8f8a7ac4355ae1b9dd39c7a55b54f00db9129398d06302/For-Sticky-16.jpg]
[stickyrice-magazine.com/Drawing-Strength-from-Within-Perspectives-from-Mixed-Martial-Arts.html]
[freight.cargo.site/t/original/i/099402d6f230b46dc26804b637818be0d9a03944007e1a7e0f6dfb8762cbe196/Stickyrice_MMA_homepage.jpg]
[stickyrice-magazine.com/The-Sun-Sets-at-Six-A-Conversation-with-Antares-Yee.html]
[freight.cargo.site/t/original/i/1987ced17fdfc81db52b0023b81c2ae04589bffade63ae3aeef41d74a0d445f5/antares_07-min.jpg]
[stickyrice-magazine.com/Une-invitation-aux-asiatiques-a-prendre-la-vie-doucement.html]
[freight.cargo.site/t/original/i/d33d7ca23c5baf46eef56a0764e248563f0044cb54f4707c2aeece34f38db925/Laura-Color-3.jpg]
[stickyrice-magazine.com/To-Harness-Your-Inner-Light-Up-Close-with-LIA.html]
[freight.cargo.site/t/original/i/51febf1738a1048927c7166bd5c93b5d6c3bcd79f538b3693814165821bdc1a2/1.jpg]
[stickyrice-magazine.com/Art-Versus-Injustice-Catching-Up-With-Albert-Nguyen.html]
[freight.cargo.site/t/original/i/fd49ed92ae342fb055b74f8318cbc8b1990db3b1e7c9bff4e2caf9cd09b13c9d/Thumbnail-picture-1.jpg]
[freight.cargo.site/t/original/i/2557c1b920d067cb757d01a0c6d7b673ecf4c413e8f42acf28d758e6c3190c21/Image-2-min.jpg]
[stickyrice-magazine.com/The-Wisdom-of-Style-A-Mix-of-Colours-Prints-and-Eras.html]
[stickyrice-magazine.com/Cheryl-Sim-Curating-a-Life-Through-Art.html]
[freight.cargo.site/w/450/i/8200ecbd510d8ef20c72ad80403885ed552841a1b28ea298f37403a8f7007d4c/thumbnail.jpg]
[stickyrice-magazine.com/Back-to-school-A-teacher-s-thoughts-and-worries.html]
[freight.cargo.site/t/original/i/ebea07c9b8e04a6fc411b265a9352c72aad2788aa9a62c2bfc9d1d08db1aa5f4/SR_BackToSchool4-1.png]
[stickyrice-magazine.com/For-The-Love-Of-Pho.html]
[freight.cargo.site/t/original/i/aeceba3eea3d0953cad1f160437291351b983b85f49c8a896001db2db6de7b03/ezgif.com-optimize-4.gif]
[stickyrice-magazine.com/For-the-Love-of-Food-Bridging-the-Gap-Between-Two-Worlds.html]
[freight.cargo.site/t/original/i/2e7489ce0ecedd83eaa5827cdfd89b6f58d7082b44a54528845eddd833cba710/Yatai_AffichesRGB_20200805a_OC-02.jpg]
[stickyrice-magazine.com/Radical-Compassion-In-The-Face-Of-Violence.html]
[freight.cargo.site/t/original/i/3ecbef7a6d878cefc6a94cfb6977af76cf5d404a22e6a05ff85aa91c9b2b2b5b/CQA_LAM0985-min-1_TMB.jpg]
[freight.cargo.site/t/original/i/cec42400d7657c74bd696a4365edf722bacf685031be2dd881f2b79e3a686e22/1080x1350_00057.jpg]
[stickyrice-magazine.com/Catching-Up-With-Friends-Family-1-0.html]
[stickyrice-magazine.com/The-Asiancy.html]
[freight.cargo.site/t/original/i/33e73765bc203cad27ca3d5d2a092955be457ec095e0ed2f1a9503252548cb9b/LS-A1-crop.jpg]
[stickyrice-magazine.com/Lunar-Traditions.html]
[stickyrice-magazine.com/Lifestyle.html]
[freight.cargo.site/t/original/i/4e7be84ccd06fe7b1e716f6dc3262966cf7262fc6c62266b7b3cb16814fd439f/RedPocket_01_00000.jpg]
[stickyrice-magazine.com/Landing-Page.html]
[stickyrice-magazine.com/current-volume-3.html]
[freight.cargo.site/t/original/i/3135492e1635d08d906715548d00a262a3c493e6edb9247bffff36d9cd4a7125/SR_Archive_Vol01_v20200615a_OC.gif]
[freight.cargo.site/t/original/i/18e6bd3bbbbbbbba34b310ebc635444cbda0ba9729c6cece960f21737e513965/COMING-SOON.png]
[stickyrice-magazine.com/Archives.html]
[stickyrice-magazine.com/About-Us.html]
[stickyrice-magazine.com/contact-form.html]
[stickyrice-magazine.com/‘https_/files.cargocollective.com/c610299/Roobert-SemiBold.html]
[www.w3schools.com/w3css/4/w3.css]
[freight.cargo.site/t/original/i/483ad9e60bb475676ba848871e20666e779b4d2a7bfcdb49f72acfbbf7f5bd30/SR_Buttons_v20200614a_OC-20.png]
[stickyrice-magazine.com/Volume01-Creasian.html]
[freight.cargo.site/t/original/i/8a716ed050ed291b0cc6edcf5f156ee6ee49fe830c47ed48c1a9dca3318a4045/SR_Illus03-me-myself-and-i.gif]
[freight.cargo.site/t/original/i/a58bad4f78db3c82fd0955a5248213966b65a1752fa3aef1fb6531471ecbe97f/SR_Buttons_v20200614a_OC-21.png]
[stickyrice-magazine.com/Volume01-One-In-A-Billion.html]
[freight.cargo.site/t/original/i/b4623a1009d4561472a451c8432824b36b3fa2c68b3cc1cf18c8a59094a389db/SR_Illus01---4-people.gif]
[stickyrice-magazine.com/volume01-what-stays-unsaid-in-the-corporate-office.html]
[freight.cargo.site/t/original/i/0eba38c3ecd170dba3fb9f7b5217ae92afa14cac166f82b229dd92778f6ca7db/SR_Illus02-people-talking-shit.gif]
[freight.cargo.site/t/original/i/851aa72c093a0019539463b4ec70e27b58587cc5cba93b26e04eb69cf17df32c/SR_Buttons_v20200614a_OC-23.png]
[stickyrice-magazine.com/Volume01-On-Being-Colourblind.html]
[stickyrice-magazine.com/Drawing-Strength-from-Within-Perspectives-from-Mixed-Martial-Arts.html]
[stickyrice-magazine.com/The-Sun-Sets-at-Six-A-Conversation-with-Antares-Yee.html]
[stickyrice-magazine.com/Une-invitation-aux-asiatiques-a-prendre-la-vie-doucement.html]
[stickyrice-magazine.com/To-Harness-Your-Inner-Light-Up-Close-with-LIA.html]
[stickyrice-magazine.com/Art-Versus-Injustice-Catching-Up-With-Albert-Nguyen.html]
[stickyrice-magazine.com/The-Wisdom-of-Style-A-Mix-of-Colours-Prints-and-Eras.html]
[freight.cargo.site/w/1250/i/13b2a5d0ba38ccb852a70662cc3f13c221d1c6378377870c43c88b42597a6420/SR_BackToSchool1-min.png]
[stickyrice-magazine.com/Cheryl-Sim-Curating-a-Life-Through-Art.html]
[freight.cargo.site/t/original/i/be976373b7d831083a56aa28d4065675a562c210104d411bb27a412223014bdf/SR_BackToSchool2-2.png]
[stickyrice-magazine.com/Back-to-school-A-teacher-s-thoughts-and-worries.html]
[stickyrice-magazine.com/For-The-Love-Of-Pho.html]
[stickyrice-magazine.com/For-the-Love-of-Food-Bridging-the-Gap-Between-Two-Worlds.html]
[freight.cargo.site/t/original/i/93ca48cb9a981171fbb9cf731f29dc5561901bbc071539a8d7b3c56a912e4bc7/CQA_LAM0985-min.jpg]
[freight.cargo.site/t/original/i/896c6e357bbb438cbe066fa575d000282638dcdd055c8621a42c96de3aebc58a/CQA_LAM1102-min.jpg]
[freight.cargo.site/t/original/i/e7cff8b74c19c3cc80b8738a36110e07186faa47a265a4f5d7d9c6bf82aab890/CQA_LAM1051-min.jpg]
[freight.cargo.site/t/original/i/1021b781a1844da82156d6c00c1ab8dfb41aad89969700f7a9c6be3c6638dbf7/CQA_LAM1122-min.jpg]
[stickyrice-magazine.com/Radical-Compassion-In-The-Face-Of-Violence.html]
[freight.cargo.site/t/original/i/17ac73dcaad6ef7901ab47122023261fb1cd88effc7d971456c572f4db50a36d/1920x1080_Lifestyle_01.jpg]
[stickyrice-magazine.com/Catching-Up-With-Friends-Family-1-0.html]
[freight.cargo.site/t/original/i/00677c174cbb1ea99f841249f09305a1adbf22cafdbb262949424d5d6de42e40/CROPPED_LS_ASIANCY-min.png]
[stickyrice-magazine.com/The-Asiancy.html]
[freight.cargo.site/t/original/i/8e37afecd0dbe987b8190dd3858afcd4c5679667cda3dc4bdf43b371e4f60b33/LFSTYL_LAM0309-min.jpg]
[freight.cargo.site/t/original/i/4c1c5a69eb52af1e37c6e5aca48e02ee23aa253c06f69fa09d64837a294a756a/RedPocket_01_00000-1.jpg]
[stickyrice-magazine.com/Lunar-Traditions.html]
[stickyrice-magazine.com/current-volume-3.html]
